<?xml version="1.0" encoding="UTF-8"?>
<!-- Generated by org.testng.reporters.JUnitXMLReporter -->
<testsuite ignored="1" hostname="DESKTOP-L53G3O5" failures="1" tests="3" name="Reports" time="11.902" errors="0" timestamp="2022-01-22T15:59:03 AEDT">
  <testcase classname="YT.One" name="testYoutube" time="9.39">
    <failure type="java.lang.AssertionError" message="Title mismatch expected [selenium - YouTube] but found [YouTube]">
      <![CDATA[java.lang.AssertionError: Title mismatch expected [selenium - YouTube] but found [YouTube]
at YT.One.testYoutube(One.java:33)
at java.base/java.util.concurrent.ThreadPoolExecutor.runWorker(ThreadPoolExecutor.java:1136)
at java.base/java.util.concurrent.ThreadPoolExecutor$Worker.run(ThreadPoolExecutor.java:635)
at java.base/java.lang.Thread.run(Thread.java:833)
... Removed 17 stack frames]]>
    </failure>
  </testcase> <!-- testYoutube -->
  <testcase classname="YT.Second" name="calender" time="7.392"/>
  <testcase classname="YT.One" name="testGoogle" time="11.859"/>
  <testcase classname="YT.Second" name="calc" time="0.0">
    <ignored/>
  </testcase> <!-- calc -->
</testsuite> <!-- Reports -->
