<?xml version="1.0" encoding="UTF-8"?>
<testng-results ignored="0" total="1" passed="1" failed="0" skipped="0">
  <reporter-output>
  </reporter-output>
  <suite started-at="2022-01-30T04:34:45 AEDT" name="Search" finished-at="2022-01-30T04:35:14 AEDT" duration-ms="28758">
    <groups>
    </groups>
    <test started-at="2022-01-30T04:34:45 AEDT" name="SearchTest" finished-at="2022-01-30T04:35:14 AEDT" duration-ms="28758">
      <class name="driverFactory.DriverScript">
        <test-method is-config="true" signature="setUp()[pri:0, instance:driverFactory.DriverScript@2254127a]" started-at="2022-01-30T04:34:42 AEDT" name="setUp" finished-at="2022-01-30T04:34:45 AEDT" duration-ms="2706" status="PASS">
          <reporter-output>
          </reporter-output>
        </test-method> <!-- setUp -->
        <test-method signature="runMacSearch()[pri:0, instance:driverFactory.DriverScript@2254127a]" started-at="2022-01-30T04:34:45 AEDT" name="runMacSearch" finished-at="2022-01-30T04:35:14 AEDT" duration-ms="28728" status="PASS">
          <reporter-output>
          </reporter-output>
        </test-method> <!-- runMacSearch -->
        <test-method is-config="true" signature="tearDown()[pri:0, instance:driverFactory.DriverScript@2254127a]" started-at="2022-01-30T04:35:14 AEDT" name="tearDown" finished-at="2022-01-30T04:35:14 AEDT" duration-ms="99" status="PASS">
          <reporter-output>
          </reporter-output>
        </test-method> <!-- tearDown -->
      </class> <!-- driverFactory.DriverScript -->
    </test> <!-- SearchTest -->
  </suite> <!-- Search -->
</testng-results>
